[ INFO :  2022-04-22 22:28:45,140 :major2 :     __mylogconfig() -56 ] Logging new SESSION
[ INFO :  2022-04-22 22:28:45,140 :major2 :          __init__() -44 ] construtor completed successfully
[ INFO :  2022-04-22 22:33:46,010 :major2 :     __mylogconfig() -56 ] Logging new SESSION
[ INFO :  2022-04-22 22:33:46,010 :major2 :          __init__() -44 ] construtor completed successfully
[ INFO :  2022-04-22 22:36:46,506 :major2 :     __mylogconfig() -56 ] Logging new SESSION
[ INFO :  2022-04-22 22:36:46,506 :major2 :          __init__() -44 ] construtor completed successfully
[ INFO :  2022-04-22 22:37:01,617 :major2 : __find_clusters_dendrogram() -206 ] __find_clusters_dendrogram completed successfully
[ INFO :  2022-04-22 22:37:01,621 :major2 : agglomerativeClustering() -228 ] agglomerativeClustering completed successfully
[ INFO :  2022-04-22 22:37:19,322 :major2 :     __mylogconfig() -56 ] Logging new SESSION
[ INFO :  2022-04-22 22:37:19,322 :major2 :          __init__() -44 ] construtor completed successfully
[ INFO :  2022-04-22 22:37:31,749 :major2 : __find_clusters_dendrogram() -206 ] __find_clusters_dendrogram completed successfully
[ INFO :  2022-04-22 22:37:31,752 :major2 : agglomerativeClustering() -228 ] agglomerativeClustering completed successfully
[ INFO :  2022-04-22 22:40:53,161 :major2 :     __mylogconfig() -56 ] Logging new SESSION
[ INFO :  2022-04-22 22:40:53,161 :major2 :          __init__() -44 ] construtor completed successfully
[ INFO :  2022-04-22 22:42:47,629 :major2 :     __mylogconfig() -56 ] Logging new SESSION
[ INFO :  2022-04-22 22:42:47,629 :major2 :          __init__() -44 ] construtor completed successfully
[ INFO :  2022-04-22 22:43:53,492 :major2 :     __mylogconfig() -56 ] Logging new SESSION
[ INFO :  2022-04-22 22:43:53,493 :major2 :          __init__() -44 ] construtor completed successfully
[ INFO :  2022-04-22 22:46:11,805 :major2 :     __mylogconfig() -56 ] Logging new SESSION
[ INFO :  2022-04-22 22:46:11,806 :major2 :          __init__() -44 ] construtor completed successfully
[ INFO :  2022-04-23 08:57:37,503 :major2 :     __mylogconfig() -56 ] Logging new SESSION
[ INFO :  2022-04-23 08:57:37,503 :major2 :          __init__() -44 ] construtor completed successfully
[ INFO :  2022-04-23 09:50:52,708 :major2 :     __mylogconfig() -58 ] Logging new SESSION
[ INFO :  2022-04-23 09:50:52,708 :major2 :          __init__() -46 ] construtor completed successfully
[ INFO :  2022-04-23 11:48:39,284 :major2 :     __mylogconfig() -58 ] Logging new SESSION
[ INFO :  2022-04-23 11:48:39,284 :major2 :          __init__() -46 ] construtor completed successfully
[ INFO :  2022-04-23 11:51:04,248 :major2 : __find_clusters_dendrogram() -208 ] __find_clusters_dendrogram completed successfully
[ INFO :  2022-04-23 11:51:04,254 :major2 : agglomerativeClustering() -230 ] agglomerativeClustering completed successfully
[ INFO :  2022-04-23 11:51:22,366 :major2 :     __mylogconfig() -58 ] Logging new SESSION
[ INFO :  2022-04-23 11:51:22,366 :major2 :          __init__() -46 ] construtor completed successfully
[ INFO :  2022-04-23 11:51:29,056 :major2 : __find_clusters_dendrogram() -208 ] __find_clusters_dendrogram completed successfully
[ INFO :  2022-04-23 11:51:29,058 :major2 : agglomerativeClustering() -230 ] agglomerativeClustering completed successfully
[ INFO :  2022-04-23 11:52:51,324 :major2 :     __mylogconfig() -56 ] Logging new SESSION
[ INFO :  2022-04-23 11:52:51,324 :major2 :          __init__() -44 ] construtor completed successfully
[ INFO :  2022-04-23 11:53:14,400 :major2 : __find_clusters_dendrogram() -206 ] __find_clusters_dendrogram completed successfully
[ INFO :  2022-04-23 11:53:14,404 :major2 : agglomerativeClustering() -228 ] agglomerativeClustering completed successfully
[ INFO :  2022-04-23 12:01:43,760 :major2 :     __mylogconfig() -56 ] Logging new SESSION
[ INFO :  2022-04-23 12:01:43,760 :major2 :          __init__() -44 ] construtor completed successfully
[ INFO :  2022-04-23 15:20:23,385 :major2 :     __mylogconfig() -56 ] Logging new SESSION
[ INFO :  2022-04-23 15:20:23,385 :major2 :          __init__() -44 ] construtor completed successfully
[ INFO :  2022-04-23 15:22:32,264 :major2 :     __mylogconfig() -56 ] Logging new SESSION
[ INFO :  2022-04-23 15:22:32,264 :major2 :          __init__() -44 ] construtor completed successfully
[ INFO :  2022-04-23 15:22:32,477 :major2 : __find_clusters_dendrogram() -207 ] __find_clusters_dendrogram completed successfully
[ INFO :  2022-04-23 15:22:32,479 :major2 : agglomerativeClustering() -229 ] agglomerativeClustering completed successfully
[ INFO :  2022-04-23 15:27:28,014 :major2 :     __mylogconfig() -56 ] Logging new SESSION
[ INFO :  2022-04-23 15:27:28,014 :major2 :          __init__() -44 ] construtor completed successfully
[ INFO :  2022-04-23 15:27:29,025 :major2 : __find_clusters_dendrogram() -209 ] __find_clusters_dendrogram completed successfully
[ INFO :  2022-04-23 15:27:29,028 :major2 : agglomerativeClustering() -231 ] agglomerativeClustering completed successfully
[ INFO :  2022-04-23 15:35:30,661 :major2 :     __mylogconfig() -56 ] Logging new SESSION
[ INFO :  2022-04-23 15:35:30,662 :major2 :          __init__() -44 ] construtor completed successfully
[ INFO :  2022-04-23 15:35:31,556 :major2 : __find_clusters_dendrogram() -209 ] __find_clusters_dendrogram completed successfully
[ INFO :  2022-04-23 15:35:31,558 :major2 : agglomerativeClustering() -231 ] agglomerativeClustering completed successfully
[ INFO :  2022-04-23 15:39:25,191 :major2 :     __mylogconfig() -56 ] Logging new SESSION
[ INFO :  2022-04-23 15:39:25,191 :major2 :          __init__() -44 ] construtor completed successfully
[ INFO :  2022-04-23 15:39:26,164 :major2 : __find_clusters_dendrogram() -209 ] __find_clusters_dendrogram completed successfully
[ INFO :  2022-04-23 15:39:26,167 :major2 : agglomerativeClustering() -231 ] agglomerativeClustering completed successfully
[ INFO :  2022-04-23 15:40:15,048 :major2 :     __mylogconfig() -56 ] Logging new SESSION
[ INFO :  2022-04-23 15:40:15,048 :major2 :          __init__() -44 ] construtor completed successfully
[ INFO :  2022-04-23 15:40:15,913 :major2 : __find_clusters_dendrogram() -209 ] __find_clusters_dendrogram completed successfully
[ INFO :  2022-04-23 15:40:15,913 :major2 : agglomerativeClustering() -231 ] agglomerativeClustering completed successfully
[ INFO :  2022-04-23 15:42:22,387 :major2 :     __mylogconfig() -56 ] Logging new SESSION
[ INFO :  2022-04-23 15:42:22,387 :major2 :          __init__() -44 ] construtor completed successfully
[ INFO :  2022-04-23 15:42:23,264 :major2 : __find_clusters_dendrogram() -209 ] __find_clusters_dendrogram completed successfully
[ INFO :  2022-04-23 15:42:23,264 :major2 : agglomerativeClustering() -231 ] agglomerativeClustering completed successfully
[ INFO :  2022-04-23 15:46:22,137 :major2 :     __mylogconfig() -56 ] Logging new SESSION
[ INFO :  2022-04-23 15:46:22,137 :major2 :          __init__() -44 ] construtor completed successfully
[ INFO :  2022-04-23 15:46:23,020 :major2 : __find_clusters_dendrogram() -209 ] __find_clusters_dendrogram completed successfully
[ INFO :  2022-04-23 15:46:23,035 :major2 : agglomerativeClustering() -231 ] agglomerativeClustering completed successfully
[ INFO :  2022-04-23 15:46:56,098 :major2 :     __mylogconfig() -56 ] Logging new SESSION
[ INFO :  2022-04-23 15:46:56,098 :major2 :          __init__() -44 ] construtor completed successfully
[ INFO :  2022-04-23 15:46:56,991 :major2 : __find_clusters_dendrogram() -209 ] __find_clusters_dendrogram completed successfully
[ INFO :  2022-04-23 15:46:56,991 :major2 : agglomerativeClustering() -231 ] agglomerativeClustering completed successfully
[ INFO :  2022-04-23 15:47:18,745 :major2 :     __mylogconfig() -56 ] Logging new SESSION
[ INFO :  2022-04-23 15:47:18,745 :major2 :          __init__() -44 ] construtor completed successfully
[ INFO :  2022-04-23 15:47:19,638 :major2 : __find_clusters_dendrogram() -209 ] __find_clusters_dendrogram completed successfully
[ INFO :  2022-04-23 15:47:19,638 :major2 : agglomerativeClustering() -231 ] agglomerativeClustering completed successfully
[ INFO :  2022-04-23 15:50:29,827 :major2 :     __mylogconfig() -56 ] Logging new SESSION
[ INFO :  2022-04-23 15:50:29,827 :major2 :          __init__() -44 ] construtor completed successfully
[ INFO :  2022-04-23 15:50:31,795 :major2 : __find_clusters_dendrogram() -209 ] __find_clusters_dendrogram completed successfully
[ INFO :  2022-04-23 15:50:31,795 :major2 : agglomerativeClustering() -231 ] agglomerativeClustering completed successfully
[ INFO :  2022-04-23 15:56:35,623 :major2 :     __mylogconfig() -56 ] Logging new SESSION
[ INFO :  2022-04-23 15:56:35,623 :major2 :          __init__() -44 ] construtor completed successfully
[ INFO :  2022-04-23 15:56:37,631 :major2 : __find_clusters_dendrogram() -209 ] __find_clusters_dendrogram completed successfully
[ INFO :  2022-04-23 15:56:37,633 :major2 : agglomerativeClustering() -231 ] agglomerativeClustering completed successfully
[ INFO :  2022-04-23 15:57:59,520 :major2 :     __mylogconfig() -56 ] Logging new SESSION
[ INFO :  2022-04-23 15:57:59,520 :major2 :          __init__() -44 ] construtor completed successfully
[ INFO :  2022-04-23 15:58:01,620 :major2 : __find_clusters_dendrogram() -209 ] __find_clusters_dendrogram completed successfully
[ INFO :  2022-04-23 15:58:01,621 :major2 : agglomerativeClustering() -231 ] agglomerativeClustering completed successfully
[ INFO :  2022-04-23 16:07:59,586 :major2 :     __mylogconfig() -56 ] Logging new SESSION
[ INFO :  2022-04-23 16:07:59,586 :major2 :          __init__() -44 ] construtor completed successfully
[ INFO :  2022-04-23 16:08:01,571 :major2 : __find_clusters_dendrogram() -209 ] __find_clusters_dendrogram completed successfully
[ INFO :  2022-04-23 16:08:01,571 :major2 : agglomerativeClustering() -231 ] agglomerativeClustering completed successfully
[ INFO :  2022-04-23 16:21:00,860 :major2 :     __mylogconfig() -56 ] Logging new SESSION
[ INFO :  2022-04-23 16:21:00,861 :major2 :          __init__() -44 ] construtor completed successfully
[ INFO :  2022-04-23 16:21:02,963 :major2 : __find_clusters_dendrogram() -209 ] __find_clusters_dendrogram completed successfully
[ INFO :  2022-04-23 16:21:02,965 :major2 : agglomerativeClustering() -231 ] agglomerativeClustering completed successfully
[ INFO :  2022-04-23 16:25:21,249 :major2 :     __mylogconfig() -56 ] Logging new SESSION
[ INFO :  2022-04-23 16:25:21,249 :major2 :          __init__() -44 ] construtor completed successfully
[ INFO :  2022-04-23 16:25:23,532 :major2 : __find_clusters_dendrogram() -209 ] __find_clusters_dendrogram completed successfully
[ INFO :  2022-04-23 16:25:23,534 :major2 : agglomerativeClustering() -231 ] agglomerativeClustering completed successfully
[ INFO :  2022-04-23 16:28:40,987 :major2 :     __mylogconfig() -56 ] Logging new SESSION
[ INFO :  2022-04-23 16:28:40,987 :major2 :          __init__() -44 ] construtor completed successfully
[ INFO :  2022-04-23 16:28:42,035 :major2 : __find_clusters_dendrogram() -209 ] __find_clusters_dendrogram completed successfully
[ INFO :  2022-04-23 16:28:42,037 :major2 : agglomerativeClustering() -231 ] agglomerativeClustering completed successfully
[ INFO :  2022-04-23 16:33:45,831 :major2 :     __mylogconfig() -56 ] Logging new SESSION
[ INFO :  2022-04-23 16:33:45,831 :major2 :          __init__() -44 ] construtor completed successfully
[ INFO :  2022-04-23 16:33:46,797 :major2 : __find_clusters_dendrogram() -209 ] __find_clusters_dendrogram completed successfully
[ INFO :  2022-04-23 16:33:46,799 :major2 : agglomerativeClustering() -231 ] agglomerativeClustering completed successfully
[ INFO :  2022-04-23 16:37:24,473 :major2 :     __mylogconfig() -56 ] Logging new SESSION
[ INFO :  2022-04-23 16:37:24,473 :major2 :          __init__() -44 ] construtor completed successfully
[ INFO :  2022-04-23 16:37:25,710 :major2 : __find_clusters_dendrogram() -209 ] __find_clusters_dendrogram completed successfully
[ INFO :  2022-04-23 16:37:25,712 :major2 : agglomerativeClustering() -231 ] agglomerativeClustering completed successfully
[ INFO :  2022-04-23 16:38:15,252 :major2 :     __mylogconfig() -56 ] Logging new SESSION
[ INFO :  2022-04-23 16:38:15,253 :major2 :          __init__() -44 ] construtor completed successfully
[ INFO :  2022-04-23 16:38:16,294 :major2 : __find_clusters_dendrogram() -209 ] __find_clusters_dendrogram completed successfully
[ INFO :  2022-04-23 16:38:16,296 :major2 : agglomerativeClustering() -231 ] agglomerativeClustering completed successfully
[ INFO :  2022-04-23 16:38:38,784 :major2 :     __mylogconfig() -56 ] Logging new SESSION
[ INFO :  2022-04-23 16:38:38,784 :major2 :          __init__() -44 ] construtor completed successfully
[ INFO :  2022-04-23 16:38:39,739 :major2 : __find_clusters_dendrogram() -209 ] __find_clusters_dendrogram completed successfully
[ INFO :  2022-04-23 16:38:39,741 :major2 : agglomerativeClustering() -231 ] agglomerativeClustering completed successfully
[ INFO :  2022-04-23 16:39:20,152 :major2 :     __mylogconfig() -56 ] Logging new SESSION
[ INFO :  2022-04-23 16:39:20,152 :major2 :          __init__() -44 ] construtor completed successfully
[ INFO :  2022-04-23 16:39:21,187 :major2 : __find_clusters_dendrogram() -209 ] __find_clusters_dendrogram completed successfully
[ INFO :  2022-04-23 16:39:21,189 :major2 : agglomerativeClustering() -231 ] agglomerativeClustering completed successfully
[ INFO :  2022-04-23 16:42:53,983 :major2 :     __mylogconfig() -56 ] Logging new SESSION
[ INFO :  2022-04-23 16:42:53,983 :major2 :          __init__() -44 ] construtor completed successfully
[ INFO :  2022-04-23 16:42:54,935 :major2 : __find_clusters_dendrogram() -209 ] __find_clusters_dendrogram completed successfully
[ INFO :  2022-04-23 16:42:54,937 :major2 : agglomerativeClustering() -231 ] agglomerativeClustering completed successfully
[ INFO :  2022-04-23 16:47:17,374 :major2 :     __mylogconfig() -56 ] Logging new SESSION
[ INFO :  2022-04-23 16:47:17,374 :major2 :          __init__() -44 ] construtor completed successfully
[ INFO :  2022-04-23 16:47:18,408 :major2 : __find_clusters_dendrogram() -209 ] __find_clusters_dendrogram completed successfully
[ INFO :  2022-04-23 16:47:18,410 :major2 : agglomerativeClustering() -231 ] agglomerativeClustering completed successfully
[ INFO :  2022-04-23 16:49:29,469 :major2 :     __mylogconfig() -56 ] Logging new SESSION
[ INFO :  2022-04-23 16:49:29,469 :major2 :          __init__() -44 ] construtor completed successfully
[ INFO :  2022-04-23 16:49:30,469 :major2 : __find_clusters_dendrogram() -209 ] __find_clusters_dendrogram completed successfully
[ INFO :  2022-04-23 16:49:30,470 :major2 : agglomerativeClustering() -231 ] agglomerativeClustering completed successfully
[ INFO :  2022-04-23 17:40:42,609 :major2 :     __mylogconfig() -56 ] Logging new SESSION
[ INFO :  2022-04-23 17:40:42,609 :major2 :          __init__() -44 ] construtor completed successfully
[ INFO :  2022-04-23 17:40:43,693 :major2 : __find_clusters_dendrogram() -209 ] __find_clusters_dendrogram completed successfully
[ INFO :  2022-04-23 17:40:43,695 :major2 : agglomerativeClustering() -231 ] agglomerativeClustering completed successfully
[ INFO :  2022-04-23 23:12:18,082 :major2 :     __mylogconfig() -56 ] Logging new SESSION
[ INFO :  2022-04-23 23:12:18,082 :major2 :          __init__() -44 ] construtor completed successfully
[ INFO :  2022-04-23 23:12:51,045 :major2 : __find_clusters_dendrogram() -208 ] __find_clusters_dendrogram completed successfully
[ INFO :  2022-04-23 23:12:51,047 :major2 : agglomerativeClustering() -230 ] agglomerativeClustering completed successfully
[ INFO :  2022-04-23 23:14:08,381 :major2 :     __mylogconfig() -56 ] Logging new SESSION
[ INFO :  2022-04-23 23:14:08,381 :major2 :          __init__() -44 ] construtor completed successfully
[ INFO :  2022-04-23 23:16:40,004 :major2 :     __mylogconfig() -56 ] Logging new SESSION
[ INFO :  2022-04-23 23:16:40,004 :major2 :          __init__() -44 ] construtor completed successfully
[ INFO :  2022-04-23 23:20:01,873 :__main__ :     __mylogconfig() -56 ] Logging new SESSION
[ INFO :  2022-04-23 23:20:01,873 :__main__ :          __init__() -44 ] construtor completed successfully
[ INFO :  2022-04-23 23:20:09,052 :__main__ : __find_clusters_dendrogram() -208 ] __find_clusters_dendrogram completed successfully
[ INFO :  2022-04-23 23:20:09,054 :__main__ : agglomerativeClustering() -230 ] agglomerativeClustering completed successfully
[ INFO :  2022-04-23 23:20:38,680 :__main__ :     __mylogconfig() -56 ] Logging new SESSION
[ INFO :  2022-04-23 23:20:38,680 :__main__ :          __init__() -44 ] construtor completed successfully
[ INFO :  2022-04-23 23:21:41,589 :__main__ : __find_clusters_dendrogram() -208 ] __find_clusters_dendrogram completed successfully
[ INFO :  2022-04-23 23:21:41,592 :__main__ : agglomerativeClustering() -230 ] agglomerativeClustering completed successfully
[ INFO :  2022-04-24 00:02:38,038 :major2 :     __mylogconfig() -56 ] Logging new SESSION
[ INFO :  2022-04-24 00:02:38,039 :major2 :          __init__() -44 ] construtor completed successfully
[ INFO :  2022-04-24 00:02:38,939 :major2 : __find_clusters_dendrogram() -208 ] __find_clusters_dendrogram completed successfully
[ INFO :  2022-04-24 00:03:12,385 :major2 :     __mylogconfig() -56 ] Logging new SESSION
[ INFO :  2022-04-24 00:03:12,385 :major2 :          __init__() -44 ] construtor completed successfully
[ INFO :  2022-04-24 00:03:13,105 :major2 : __find_clusters_dendrogram() -208 ] __find_clusters_dendrogram completed successfully
[ INFO :  2022-04-24 00:03:17,360 :major2 :     __mylogconfig() -56 ] Logging new SESSION
[ INFO :  2022-04-24 00:03:17,360 :major2 :          __init__() -44 ] construtor completed successfully
[ INFO :  2022-04-24 00:03:18,080 :major2 : __find_clusters_dendrogram() -208 ] __find_clusters_dendrogram completed successfully
[ INFO :  2022-04-24 00:03:40,640 :major2 :     __mylogconfig() -56 ] Logging new SESSION
[ INFO :  2022-04-24 00:03:40,640 :major2 :          __init__() -44 ] construtor completed successfully
[ INFO :  2022-04-24 00:03:41,545 :major2 : __find_clusters_dendrogram() -208 ] __find_clusters_dendrogram completed successfully
